Using pre-set license
Built from '2021.2/staging' branch; Version is '2021.2.3f1 (32358a8527b4) revision 3290506'; Using compiler version '192829333'; Build Type 'Release'
OS: 'Windows 10 Home; OS build 19043.1526; Version 2009; 64bit' Language: 'it' Physical Memory: 8090 MB
BatchMode: 1, IsHumanControllingUs: 0, StartBugReporterOnCrash: 0, Is64bit: 1, IsPro: 0

COMMAND LINE ARGUMENTS:
C:\2021.2.3f1\Editor\Unity.exe
-adb2
-batchMode
-noUpm
-name
AssetImportWorker18
-projectPath
C:/Users/alecl/Documents/GitHub/Week2AdvancingWallOfDoom
-logFile
Logs/AssetImportWorker18.log
-srvPort
62211
Successfully changed project path to: C:/Users/alecl/Documents/GitHub/Week2AdvancingWallOfDoom
C:/Users/alecl/Documents/GitHub/Week2AdvancingWallOfDoom
[UnityMemory] Configuration Parameters - Can be set up in boot.config
    "memorysetup-bucket-allocator-granularity=16"
    "memorysetup-bucket-allocator-bucket-count=8"
    "memorysetup-bucket-allocator-block-size=33554432"
    "memorysetup-bucket-allocator-block-count=8"
    "memorysetup-main-allocator-block-size=16777216"
    "memorysetup-thread-allocator-block-size=16777216"
    "memorysetup-gfx-main-allocator-block-size=16777216"
    "memorysetup-gfx-thread-allocator-block-size=16777216"
    "memorysetup-cache-allocator-block-size=4194304"
    "memorysetup-typetree-allocator-block-size=2097152"
    "memorysetup-profiler-bucket-allocator-granularity=16"
    "memorysetup-profiler-bucket-allocator-bucket-count=8"
    "memorysetup-profiler-bucket-allocator-block-size=33554432"
    "memorysetup-profiler-bucket-allocator-block-count=8"
    "memorysetup-profiler-allocator-block-size=16777216"
    "memorysetup-profiler-editor-allocator-block-size=1048576"
    "memorysetup-temp-allocator-size-main=16777216"
    "memorysetup-job-temp-allocator-block-size=2097152"
    "memorysetup-job-temp-allocator-block-size-background=1048576"
    "memorysetup-job-temp-allocator-reduction-small-platforms=262144"
    "memorysetup-temp-allocator-size-background-worker=32768"
    "memorysetup-temp-allocator-size-job-worker=262144"
    "memorysetup-temp-allocator-size-preload-manager=33554432"
    "memorysetup-temp-allocator-size-nav-mesh-worker=65536"
    "memorysetup-temp-allocator-size-audio-worker=65536"
    "memorysetup-temp-allocator-size-cloud-worker=32768"
    "memorysetup-temp-allocator-size-gi-baking-worker=262144"
    "memorysetup-temp-allocator-size-gfx=262144"
Refreshing native plugins compatible for Editor in 541.46 ms, found 4 plugins.
Preloading 0 native plugins for Editor in 0.00 ms.
Initialize engine version: 2021.2.3f1 (32358a8527b4)
[Subsystems] Discovering subsystems at path C:/2021.2.3f1/Editor/Data/Resources/UnitySubsystems
[Subsystems] Discovering subsystems at path C:/Users/alecl/Documents/GitHub/Week2AdvancingWallOfDoom/Assets
GfxDevice: creating device client; threaded=0; jobified=0
Direct3D:
    Version:  Direct3D 11.0 [level 11.0]
    Renderer: NVIDIA GeForce 920M (ID=0x1299)
    Vendor:   NVIDIA
    VRAM:     2020 MB
    Driver:   23.21.13.8857
Initialize mono
Mono path[0] = 'C:/2021.2.3f1/Editor/Data/Managed'
Mono path[1] = 'C:/2021.2.3f1/Editor/Data/MonoBleedingEdge/lib/mono/unityjit-win32'
Mono config path = 'C:/2021.2.3f1/Editor/Data/MonoBleedingEdge/etc'
Using monoOptions --debugger-agent=transport=dt_socket,embedding=1,server=y,suspend=n,address=127.0.0.1:56608
Begin MonoManager ReloadAssembly
Registering precompiled unity dll's ...
Register platform support module: C:/2021.2.3f1/Editor/Data/PlaybackEngines/WebGLSupport/UnityEditor.WebGL.Extensions.dll
Register platform support module: C:/2021.2.3f1/Editor/Data/PlaybackEngines/MacStandaloneSupport/UnityEditor.OSXStandalone.Extensions.dll
Register platform support module: C:/2021.2.3f1/Editor/Data/PlaybackEngines/WindowsStandaloneSupport/UnityEditor.WindowsStandalone.Extensions.dll
Register platform support module: C:/2021.2.3f1/Editor/Data/PlaybackEngines/LinuxStandaloneSupport/UnityEditor.LinuxStandalone.Extensions.dll
Register platform support module: C:/2021.2.3f1/Editor/Data/PlaybackEngines/LuminSupport/UnityEditor.Lumin.Extensions.dll
Registered in 0.017778 seconds.
Native extension for Lumin target not found
Native extension for LinuxStandalone target not found
Native extension for WindowsStandalone target not found
Native extension for OSXStandalone target not found
Native extension for WebGL target not found
Refreshing native plugins compatible for Editor in 297.81 ms, found 4 plugins.
Preloading 0 native plugins for Editor in 0.00 ms.
Mono: successfully reloaded assembly
- Completed reload, in  2.021 seconds
Domain Reload Profiling:
	ReloadAssembly (2022ms)
		BeginReloadAssembly (216ms)
			ExecutionOrderSort (0ms)
			DisableScriptedObjects (0ms)
			BackupInstance (0ms)
			ReleaseScriptingObjects (0ms)
			CreateAndSetChildDomain (3ms)
		EndReloadAssembly (1446ms)
			LoadAssemblies (210ms)
			RebuildTransferFunctionScriptingTraits (0ms)
			SetupTypeCache (375ms)
			ReleaseScriptCaches (0ms)
			RebuildScriptCaches (68ms)
			SetupLoadedEditorAssemblies (841ms)
				LogAssemblyErrors (0ms)
				InitializePlatformSupportModulesInManaged (49ms)
				SetLoadedEditorAssemblies (1ms)
				RefreshPlugins (298ms)
				BeforeProcessingInitializeOnLoad (1ms)
				ProcessInitializeOnLoadAttributes (360ms)
				ProcessInitializeOnLoadMethodAttributes (132ms)
				AfterProcessingInitializeOnLoad (0ms)
				EditorAssembliesLoaded (0ms)
			ExecutionOrderSort2 (0ms)
			AwakeInstancesAfterBackupRestoration (0ms)
Platform modules already initialized, skipping
Registering precompiled user dll's ...
Registered in 0.021528 seconds.
Begin MonoManager ReloadAssembly
Symbol file LoadedFromMemory doesn't match image C:\Users\alecl\Documents\GitHub\Week2AdvancingWallOfDoom\Library\PackageCache\com.unity.visualscripting@1.7.5\Editor\VisualScripting.Core\Dependencies\YamlDotNet\Unity.VisualScripting.YamlDotNet.dll
Symbol file LoadedFromMemory doesn't match image C:\Users\alecl\Documents\GitHub\Week2AdvancingWallOfDoom\Library\PackageCache\com.unity.visualscripting@1.7.5\Editor\VisualScripting.Core\Dependencies\DotNetZip\Unity.VisualScripting.IonicZip.dll
Native extension for Lumin target not found
Native extension for LinuxStandalone target not found
Native extension for WindowsStandalone target not found
Native extension for OSXStandalone target not found
Native extension for WebGL target not found
Refreshing native plugins compatible for Editor in 441.59 ms, found 4 plugins.
Preloading 0 native plugins for Editor in 0.00 ms.
Mono: successfully reloaded assembly
- Completed reload, in  9.931 seconds
Domain Reload Profiling:
	ReloadAssembly (9932ms)
		BeginReloadAssembly (688ms)
			ExecutionOrderSort (0ms)
			DisableScriptedObjects (43ms)
			BackupInstance (0ms)
			ReleaseScriptingObjects (0ms)
			CreateAndSetChildDomain (87ms)
		EndReloadAssembly (8716ms)
			LoadAssemblies (476ms)
			RebuildTransferFunctionScriptingTraits (0ms)
			SetupTypeCache (859ms)
			ReleaseScriptCaches (1ms)
			RebuildScriptCaches (138ms)
			SetupLoadedEditorAssemblies (7034ms)
				LogAssemblyErrors (0ms)
				InitializePlatformSupportModulesInManaged (34ms)
				SetLoadedEditorAssemblies (0ms)
				RefreshPlugins (442ms)
				BeforeProcessingInitializeOnLoad (266ms)
				ProcessInitializeOnLoadAttributes (5961ms)
				ProcessInitializeOnLoadMethodAttributes (317ms)
				AfterProcessingInitializeOnLoad (13ms)
				EditorAssembliesLoaded (0ms)
			ExecutionOrderSort2 (0ms)
			AwakeInstancesAfterBackupRestoration (11ms)
Platform modules already initialized, skipping
========================================================================
Worker process is ready to serve import requests
Launched and connected shader compiler UnityShaderCompiler.exe after 0.66 seconds
Refreshing native plugins compatible for Editor in 15.73 ms, found 4 plugins.
Preloading 0 native plugins for Editor in 0.00 ms.
Unloading 5360 Unused Serialized files (Serialized files now loaded: 0)
Unloading 42 unused Assets / (0.7 MB). Loaded Objects now: 5809.
Memory consumption went from 213.4 MB to 212.7 MB.
Total: 15.698700 ms (FindLiveObjects: 1.228600 ms CreateObjectMapping: 0.881000 ms MarkObjects: 13.004400 ms  DeleteObjects: 0.582400 ms)

AssetImportParameters requested are different than current active one (requested -> active):
  custom:video-decoder-ogg-theora: a1e56fd34408186e4bbccfd4996cb3dc -> 
  custom:container-muxer-webm: aa71ff27fc2769a1b78a27578f13a17b -> 
  custom:container-demuxer-webm: 4f35f7cbe854078d1ac9338744f61a02 -> 
  custom:video-encoder-webm-vp8: eb34c28f22e8b96e1ab97ce403110664 -> 
  custom:audio-encoder-webm-vorbis: bf7c407c2cedff20999df2af8eb42d56 -> 
  custom:framework-win-MediaFoundation: 216162199b28c13a410421893ffa2e32 -> 
  custom:container-demuxer-ogg: 62fdf1f143b41e24485cea50d1cbac27 -> 
  custom:video-decoder-webm-vp8: 9c59270c3fd7afecdb556c50c9e8de78 -> 
  custom:audio-decoder-ogg-vorbis: bf7c407c2cedff20999df2af8eb42d56 -> 
========================================================================
Received Import Request.
  Time since last request: 195180.678609 seconds.
  path: Assets/DownloadedAssets/FPSET1_v1.0/_PNG/SET1_Mainlev_build_5.asset
  artifactKey: Guid(657be2b611e325a46aaa16451fb1811d) Importer(815301076,1909f56bfc062723c751e8b465ee728b)
Start importing Assets/DownloadedAssets/FPSET1_v1.0/_PNG/SET1_Mainlev_build_5.asset using Guid(657be2b611e325a46aaa16451fb1811d) Importer(815301076,1909f56bfc062723c751e8b465ee728b)  -> (artifact id: '6bc276e521ba2b3ec3375e745dfd2ab3') in 6.631712 seconds 
========================================================================
Received Import Request.
  Time since last request: 0.000043 seconds.
  path: Assets/DownloadedAssets/FPSET1_v1.0/_PNG/SET1_Mainlev_build_20.asset
  artifactKey: Guid(7439c63f63e9ffd49919b456fc0e7356) Importer(815301076,1909f56bfc062723c751e8b465ee728b)
Start importing Assets/DownloadedAssets/FPSET1_v1.0/_PNG/SET1_Mainlev_build_20.asset using Guid(7439c63f63e9ffd49919b456fc0e7356) Importer(815301076,1909f56bfc062723c751e8b465ee728b)  -> (artifact id: '62abfb5a2e1206636556de2be4a3dd6d') in 0.149455 seconds 
========================================================================
Received Import Request.
  Time since last request: 0.003463 seconds.
  path: Assets/DownloadedAssets/FPSET1_v1.0/_PNG/SET1_Mainlev_build_0.asset
  artifactKey: Guid(a4255eefc11d0024093d5c1da9f7a0e6) Importer(815301076,1909f56bfc062723c751e8b465ee728b)
Start importing Assets/DownloadedAssets/FPSET1_v1.0/_PNG/SET1_Mainlev_build_0.asset using Guid(a4255eefc11d0024093d5c1da9f7a0e6) Importer(815301076,1909f56bfc062723c751e8b465ee728b)  -> (artifact id: 'c62ad5cb9be74b7438459f7c1a5671e9') in 0.176816 seconds 
========================================================================
Received Import Request.
  Time since last request: 0.045479 seconds.
  path: Assets/DownloadedAssets/FPSET1_v1.0/_PNG/SET1_Mainlev_build_16.asset
  artifactKey: Guid(47c793aa26e88a94daab76ea9af8e319) Importer(815301076,1909f56bfc062723c751e8b465ee728b)
Start importing Assets/DownloadedAssets/FPSET1_v1.0/_PNG/SET1_Mainlev_build_16.asset using Guid(47c793aa26e88a94daab76ea9af8e319) Importer(815301076,1909f56bfc062723c751e8b465ee728b)  -> (artifact id: '670e86eab6d3bf81f8802bf710ee9c47') in 0.089215 seconds 
========================================================================
Received Import Request.
  Time since last request: 0.007728 seconds.
  path: Assets/DownloadedAssets/FPSET1_v1.0/_PNG/SET1_Mainlev_build_9.asset
  artifactKey: Guid(77845cd2c5b83ea4bbfafc473525319a) Importer(815301076,1909f56bfc062723c751e8b465ee728b)
Start importing Assets/DownloadedAssets/FPSET1_v1.0/_PNG/SET1_Mainlev_build_9.asset using Guid(77845cd2c5b83ea4bbfafc473525319a) Importer(815301076,1909f56bfc062723c751e8b465ee728b)  -> (artifact id: '6d7ae5314334f74333070bd60ae8302a') in 0.136934 seconds 
========================================================================
Received Import Request.
  Time since last request: 0.000082 seconds.
  path: Assets/DownloadedAssets/FPSET1_v1.0/_PNG/SET1_Mainlev_build_1.asset
  artifactKey: Guid(a541046c02190bb4eb4259d2b8e37c21) Importer(815301076,1909f56bfc062723c751e8b465ee728b)
Start importing Assets/DownloadedAssets/FPSET1_v1.0/_PNG/SET1_Mainlev_build_1.asset using Guid(a541046c02190bb4eb4259d2b8e37c21) Importer(815301076,1909f56bfc062723c751e8b465ee728b)  -> (artifact id: 'a72a7428cbfe9da346dec4bbcac68b90') in 0.151315 seconds 
========================================================================
Received Import Request.
  Time since last request: 0.000266 seconds.
  path: Assets/DownloadedAssets/FPSET1_v1.0/_PNG/SET1_Mainlev_build_8.asset
  artifactKey: Guid(d55ee657c1de3f94cb8b882f3d1cf858) Importer(815301076,1909f56bfc062723c751e8b465ee728b)
Start importing Assets/DownloadedAssets/FPSET1_v1.0/_PNG/SET1_Mainlev_build_8.asset using Guid(d55ee657c1de3f94cb8b882f3d1cf858) Importer(815301076,1909f56bfc062723c751e8b465ee728b)  -> (artifact id: 'c520c4afb070c4af5663d7bb0b0d56d2') in 0.133048 seconds 
========================================================================
Received Import Request.
  Time since last request: 0.000283 seconds.
  path: Assets/DownloadedAssets/FPSET1_v1.0/_PNG/SET1_Mainlev_build_2.asset
  artifactKey: Guid(7b1f8c1c708f32643827225253249735) Importer(815301076,1909f56bfc062723c751e8b465ee728b)
Start importing Assets/DownloadedAssets/FPSET1_v1.0/_PNG/SET1_Mainlev_build_2.asset using Guid(7b1f8c1c708f32643827225253249735) Importer(815301076,1909f56bfc062723c751e8b465ee728b)  -> (artifact id: '6d1cd90c646d36019429a27f88283342') in 0.067232 seconds 
========================================================================
Received Import Request.
  Time since last request: 0.000033 seconds.
  path: Assets/DownloadedAssets/FPSET1_v1.0/_PNG/SET1_Mainlev_build_6.asset
  artifactKey: Guid(01e819eeec7c17744b887f9884e12708) Importer(815301076,1909f56bfc062723c751e8b465ee728b)
Start importing Assets/DownloadedAssets/FPSET1_v1.0/_PNG/SET1_Mainlev_build_6.asset using Guid(01e819eeec7c17744b887f9884e12708) Importer(815301076,1909f56bfc062723c751e8b465ee728b)  -> (artifact id: '8a0fde6e58eb4c689c8039cd670a76cf') in 0.601670 seconds 
========================================================================
Received Import Request.
  Time since last request: 0.040668 seconds.
  path: Assets/DownloadedAssets/FPSET1_v1.0/_PNG/SET1_Mainlev_build_13.asset
  artifactKey: Guid(39534aaac68020b4197051981e2ce26f) Importer(815301076,1909f56bfc062723c751e8b465ee728b)
Start importing Assets/DownloadedAssets/FPSET1_v1.0/_PNG/SET1_Mainlev_build_13.asset using Guid(39534aaac68020b4197051981e2ce26f) Importer(815301076,1909f56bfc062723c751e8b465ee728b)  -> (artifact id: 'bb45cb2ed2f574debd831952e37b4202') in 1.256101 seconds 
========================================================================
Received Prepare
Registering precompiled user dll's ...
Registered in 0.018157 seconds.
Begin MonoManager ReloadAssembly
Symbol file LoadedFromMemory doesn't match image C:\Users\alecl\Documents\GitHub\Week2AdvancingWallOfDoom\Library\PackageCache\com.unity.visualscripting@1.7.5\Editor\VisualScripting.Core\Dependencies\YamlDotNet\Unity.VisualScripting.YamlDotNet.dll
Symbol file LoadedFromMemory doesn't match image C:\Users\alecl\Documents\GitHub\Week2AdvancingWallOfDoom\Library\PackageCache\com.unity.visualscripting@1.7.5\Editor\VisualScripting.Core\Dependencies\DotNetZip\Unity.VisualScripting.IonicZip.dll
Native extension for Lumin target not found
Native extension for LinuxStandalone target not found
Native extension for WindowsStandalone target not found
Native extension for OSXStandalone target not found
Native extension for WebGL target not found
Refreshing native plugins compatible for Editor in 4.01 ms, found 4 plugins.
Preloading 0 native plugins for Editor in 0.00 ms.
Mono: successfully reloaded assembly
- Completed reload, in  6.012 seconds
Domain Reload Profiling:
	ReloadAssembly (6014ms)
		BeginReloadAssembly (850ms)
			ExecutionOrderSort (0ms)
			DisableScriptedObjects (71ms)
			BackupInstance (0ms)
			ReleaseScriptingObjects (1ms)
			CreateAndSetChildDomain (327ms)
		EndReloadAssembly (4662ms)
			LoadAssemblies (413ms)
			RebuildTransferFunctionScriptingTraits (0ms)
			SetupTypeCache (1192ms)
			ReleaseScriptCaches (4ms)
			RebuildScriptCaches (131ms)
			SetupLoadedEditorAssemblies (2011ms)
				LogAssemblyErrors (0ms)
				InitializePlatformSupportModulesInManaged (48ms)
				SetLoadedEditorAssemblies (2ms)
				RefreshPlugins (4ms)
				BeforeProcessingInitializeOnLoad (316ms)
				ProcessInitializeOnLoadAttributes (1257ms)
				ProcessInitializeOnLoadMethodAttributes (343ms)
				AfterProcessingInitializeOnLoad (41ms)
				EditorAssembliesLoaded (0ms)
			ExecutionOrderSort2 (0ms)
			AwakeInstancesAfterBackupRestoration (30ms)
Platform modules already initialized, skipping
Refreshing native plugins compatible for Editor in 2.00 ms, found 4 plugins.
Preloading 0 native plugins for Editor in 0.00 ms.
Unloading 5231 Unused Serialized files (Serialized files now loaded: 0)
Unloading 31 unused Assets / (0.7 MB). Loaded Objects now: 5813.
Memory consumption went from 205.3 MB to 204.6 MB.
Total: 7.319700 ms (FindLiveObjects: 0.672800 ms CreateObjectMapping: 0.635600 ms MarkObjects: 5.561800 ms  DeleteObjects: 0.447600 ms)

AssetImportParameters requested are different than current active one (requested -> active):
  custom:video-decoder-ogg-theora: a1e56fd34408186e4bbccfd4996cb3dc -> 
  custom:container-muxer-webm: aa71ff27fc2769a1b78a27578f13a17b -> 
  custom:container-demuxer-webm: 4f35f7cbe854078d1ac9338744f61a02 -> 
  custom:video-encoder-webm-vp8: eb34c28f22e8b96e1ab97ce403110664 -> 
  custom:audio-encoder-webm-vorbis: bf7c407c2cedff20999df2af8eb42d56 -> 
  custom:framework-win-MediaFoundation: 216162199b28c13a410421893ffa2e32 -> 
  custom:container-demuxer-ogg: 62fdf1f143b41e24485cea50d1cbac27 -> 
  custom:video-decoder-webm-vp8: 9c59270c3fd7afecdb556c50c9e8de78 -> 
  custom:audio-decoder-ogg-vorbis: bf7c407c2cedff20999df2af8eb42d56 -> 
========================================================================
Received Prepare
Registering precompiled user dll's ...
Registered in 0.014155 seconds.
Begin MonoManager ReloadAssembly
Symbol file LoadedFromMemory doesn't match image C:\Users\alecl\Documents\GitHub\Week2AdvancingWallOfDoom\Library\PackageCache\com.unity.visualscripting@1.7.5\Editor\VisualScripting.Core\Dependencies\YamlDotNet\Unity.VisualScripting.YamlDotNet.dll
Symbol file LoadedFromMemory doesn't match image C:\Users\alecl\Documents\GitHub\Week2AdvancingWallOfDoom\Library\PackageCache\com.unity.visualscripting@1.7.5\Editor\VisualScripting.Core\Dependencies\DotNetZip\Unity.VisualScripting.IonicZip.dll
Native extension for Lumin target not found
Native extension for LinuxStandalone target not found
Native extension for WindowsStandalone target not found
Native extension for OSXStandalone target not found
Native extension for WebGL target not found
Refreshing native plugins compatible for Editor in 1.99 ms, found 4 plugins.
Preloading 0 native plugins for Editor in 0.00 ms.
Mono: successfully reloaded assembly
- Completed reload, in  2.716 seconds
Domain Reload Profiling:
	ReloadAssembly (2717ms)
		BeginReloadAssembly (229ms)
			ExecutionOrderSort (0ms)
			DisableScriptedObjects (13ms)
			BackupInstance (0ms)
			ReleaseScriptingObjects (0ms)
			CreateAndSetChildDomain (76ms)
		EndReloadAssembly (2280ms)
			LoadAssemblies (183ms)
			RebuildTransferFunctionScriptingTraits (0ms)
			SetupTypeCache (557ms)
			ReleaseScriptCaches (2ms)
			RebuildScriptCaches (78ms)
			SetupLoadedEditorAssemblies (1216ms)
				LogAssemblyErrors (0ms)
				InitializePlatformSupportModulesInManaged (28ms)
				SetLoadedEditorAssemblies (1ms)
				RefreshPlugins (2ms)
				BeforeProcessingInitializeOnLoad (155ms)
				ProcessInitializeOnLoadAttributes (760ms)
				ProcessInitializeOnLoadMethodAttributes (237ms)
				AfterProcessingInitializeOnLoad (32ms)
				EditorAssembliesLoaded (1ms)
			ExecutionOrderSort2 (0ms)
			AwakeInstancesAfterBackupRestoration (37ms)
Platform modules already initialized, skipping
Refreshing native plugins compatible for Editor in 3.11 ms, found 4 plugins.
Preloading 0 native plugins for Editor in 0.00 ms.
Unloading 5231 Unused Serialized files (Serialized files now loaded: 0)
Unloading 31 unused Assets / (0.7 MB). Loaded Objects now: 5815.
Memory consumption went from 205.3 MB to 204.6 MB.
Total: 52.020200 ms (FindLiveObjects: 13.638400 ms CreateObjectMapping: 5.581300 ms MarkObjects: 32.214900 ms  DeleteObjects: 0.583000 ms)

AssetImportParameters requested are different than current active one (requested -> active):
  custom:video-decoder-ogg-theora: a1e56fd34408186e4bbccfd4996cb3dc -> 
  custom:container-muxer-webm: aa71ff27fc2769a1b78a27578f13a17b -> 
  custom:container-demuxer-webm: 4f35f7cbe854078d1ac9338744f61a02 -> 
  custom:video-encoder-webm-vp8: eb34c28f22e8b96e1ab97ce403110664 -> 
  custom:audio-encoder-webm-vorbis: bf7c407c2cedff20999df2af8eb42d56 -> 
  custom:framework-win-MediaFoundation: 216162199b28c13a410421893ffa2e32 -> 
  custom:container-demuxer-ogg: 62fdf1f143b41e24485cea50d1cbac27 -> 
  custom:video-decoder-webm-vp8: 9c59270c3fd7afecdb556c50c9e8de78 -> 
  custom:audio-decoder-ogg-vorbis: bf7c407c2cedff20999df2af8eb42d56 -> 
========================================================================
Received Import Request.
  Time since last request: 7987.256850 seconds.
  path: Assets/Tile Palettes/SET1_Mainlev_build_11.asset
  artifactKey: Guid(08a597d157106a3468fa6bec698bc96f) Importer(815301076,1909f56bfc062723c751e8b465ee728b)
Start importing Assets/Tile Palettes/SET1_Mainlev_build_11.asset using Guid(08a597d157106a3468fa6bec698bc96f) Importer(815301076,1909f56bfc062723c751e8b465ee728b)  -> (artifact id: '3c26140c7bf77fd982cf5509ac279ff2') in 0.140142 seconds 
========================================================================
Received Import Request.
  Time since last request: 0.000034 seconds.
  path: Assets/Tile Palettes/SET1_Mainlev_build_12.asset
  artifactKey: Guid(8392921c85f9fa74cb1fca2d8a532957) Importer(815301076,1909f56bfc062723c751e8b465ee728b)
Start importing Assets/Tile Palettes/SET1_Mainlev_build_12.asset using Guid(8392921c85f9fa74cb1fca2d8a532957) Importer(815301076,1909f56bfc062723c751e8b465ee728b)  -> (artifact id: '3190fb60e3afa5605c26db2c656fc318') in 0.100699 seconds 
========================================================================
Received Import Request.
  Time since last request: 0.000049 seconds.
  path: Assets/Tile Palettes/SET1_Mainlev_build_26.asset
  artifactKey: Guid(22874f9bcfa689548bf28c53c2e2600b) Importer(815301076,1909f56bfc062723c751e8b465ee728b)
Start importing Assets/Tile Palettes/SET1_Mainlev_build_26.asset using Guid(22874f9bcfa689548bf28c53c2e2600b) Importer(815301076,1909f56bfc062723c751e8b465ee728b)  -> (artifact id: '6f846f20a256635e4f819584db2f3666') in 0.075230 seconds 
========================================================================
Received Import Request.
  Time since last request: 0.004596 seconds.
  path: Assets/Tile Palettes/SET1_Mainlev_build_15.asset
  artifactKey: Guid(f5d28575affd352418c53458678bdf7b) Importer(815301076,1909f56bfc062723c751e8b465ee728b)
Start importing Assets/Tile Palettes/SET1_Mainlev_build_15.asset using Guid(f5d28575affd352418c53458678bdf7b) Importer(815301076,1909f56bfc062723c751e8b465ee728b)  -> (artifact id: '2214b47e7ba6fd7f844a4c52eeca4e4f') in 0.149368 seconds 
========================================================================
Received Import Request.
  Time since last request: 0.000100 seconds.
  path: Assets/Tile Palettes/SET1_Mainlev_build_13.asset
  artifactKey: Guid(fd82e4ecce3909445856be9d9e010f11) Importer(815301076,1909f56bfc062723c751e8b465ee728b)
Start importing Assets/Tile Palettes/SET1_Mainlev_build_13.asset using Guid(fd82e4ecce3909445856be9d9e010f11) Importer(815301076,1909f56bfc062723c751e8b465ee728b)  -> (artifact id: '92f747ff2d820e626233eca537c45690') in 0.062261 seconds 
========================================================================
Received Import Request.
  Time since last request: 0.000155 seconds.
  path: Assets/Tile Palettes/SET1_Mainlev_build_25.asset
  artifactKey: Guid(d87b84417c3b2ab41b7a2182f873888a) Importer(815301076,1909f56bfc062723c751e8b465ee728b)
Start importing Assets/Tile Palettes/SET1_Mainlev_build_25.asset using Guid(d87b84417c3b2ab41b7a2182f873888a) Importer(815301076,1909f56bfc062723c751e8b465ee728b)  -> (artifact id: '1933797bdb1a026061d4da57d9564312') in 0.056590 seconds 
========================================================================
Received Import Request.
  Time since last request: 0.013102 seconds.
  path: Assets/Tile Palettes/SET1_Mainlev_build_14.asset
  artifactKey: Guid(a1761427c12d7a84fa15546369e3f614) Importer(815301076,1909f56bfc062723c751e8b465ee728b)
Start importing Assets/Tile Palettes/SET1_Mainlev_build_14.asset using Guid(a1761427c12d7a84fa15546369e3f614) Importer(815301076,1909f56bfc062723c751e8b465ee728b)  -> (artifact id: '370b40b5788f42ed12ea57afa17fd04c') in 0.053394 seconds 
========================================================================
Received Import Request.
  Time since last request: 0.000040 seconds.
  path: Assets/Tile Palettes/SET1_Mainlev_build_22.asset
  artifactKey: Guid(f03a6faae3b2b4f43b04921161150ae2) Importer(815301076,1909f56bfc062723c751e8b465ee728b)
Start importing Assets/Tile Palettes/SET1_Mainlev_build_22.asset using Guid(f03a6faae3b2b4f43b04921161150ae2) Importer(815301076,1909f56bfc062723c751e8b465ee728b)  -> (artifact id: 'c341afb3a46aeed08c81e38f8296dbfc') in 0.041447 seconds 
========================================================================
Received Import Request.
  Time since last request: 0.000046 seconds.
  path: Assets/Tile Palettes/SET1_Mainlev_build_30.asset
  artifactKey: Guid(79da42cd7682c0d47bf8712396589945) Importer(815301076,1909f56bfc062723c751e8b465ee728b)
Start importing Assets/Tile Palettes/SET1_Mainlev_build_30.asset using Guid(79da42cd7682c0d47bf8712396589945) Importer(815301076,1909f56bfc062723c751e8b465ee728b)  -> (artifact id: '23a91590921d52f8ca18e326c4d90a79') in 0.098672 seconds 
========================================================================
Received Import Request.
  Time since last request: 0.000031 seconds.
  path: Assets/Tile Palettes/SET1_Mainlev_build_20.asset
  artifactKey: Guid(b5a231d5e90513742a5e6c5225408756) Importer(815301076,1909f56bfc062723c751e8b465ee728b)
Start importing Assets/Tile Palettes/SET1_Mainlev_build_20.asset using Guid(b5a231d5e90513742a5e6c5225408756) Importer(815301076,1909f56bfc062723c751e8b465ee728b)  -> (artifact id: '2d55467296151f6d8d28f2a2a78ce060') in 0.044749 seconds 
========================================================================
Received Import Request.
  Time since last request: 0.000051 seconds.
  path: Assets/Tile Palettes/SET1_Mainlev_build_19.asset
  artifactKey: Guid(9fb88423eb794384bac89f41fa223ae3) Importer(815301076,1909f56bfc062723c751e8b465ee728b)
Start importing Assets/Tile Palettes/SET1_Mainlev_build_19.asset using Guid(9fb88423eb794384bac89f41fa223ae3) Importer(815301076,1909f56bfc062723c751e8b465ee728b)  -> (artifact id: 'cc7ed833f8f621d293548c82160fcf6c') in 0.058497 seconds 
========================================================================
Received Import Request.
  Time since last request: 8.384945 seconds.
  path: Assets/DownloadedAssets/FPSET1_v1.0/_PNG/SET1_Mainlev_build_22.asset
  artifactKey: Guid(4beb69578f7db544cbd5be77c0058100) Importer(815301076,1909f56bfc062723c751e8b465ee728b)
Start importing Assets/DownloadedAssets/FPSET1_v1.0/_PNG/SET1_Mainlev_build_22.asset using Guid(4beb69578f7db544cbd5be77c0058100) Importer(815301076,1909f56bfc062723c751e8b465ee728b)  -> (artifact id: '325c6f9864ac2e478b51c74b56e2bf89') in 0.287505 seconds 
========================================================================
Received Import Request.
  Time since last request: 0.000043 seconds.
  path: Assets/DownloadedAssets/FPSET1_v1.0/_PNG/SET1_Mainlev_build_39.asset
  artifactKey: Guid(690fd98186daee74b83a1215133d66c9) Importer(815301076,1909f56bfc062723c751e8b465ee728b)
Start importing Assets/DownloadedAssets/FPSET1_v1.0/_PNG/SET1_Mainlev_build_39.asset using Guid(690fd98186daee74b83a1215133d66c9) Importer(815301076,1909f56bfc062723c751e8b465ee728b)  -> (artifact id: '5b56dc9a06d5c4c5c3cc51813df81706') in 0.062962 seconds 
========================================================================
Received Import Request.
  Time since last request: 0.000045 seconds.
  path: Assets/DownloadedAssets/FPSET1_v1.0/_PNG/SET1_Mainlev_build_23.asset
  artifactKey: Guid(8addfa3ec50f03545a06b5ae0d806ce0) Importer(815301076,1909f56bfc062723c751e8b465ee728b)
Start importing Assets/DownloadedAssets/FPSET1_v1.0/_PNG/SET1_Mainlev_build_23.asset using Guid(8addfa3ec50f03545a06b5ae0d806ce0) Importer(815301076,1909f56bfc062723c751e8b465ee728b)  -> (artifact id: '8950bb53cc67f07942bcccd7925aaf33') in 0.262969 seconds 
========================================================================
Received Import Request.
  Time since last request: 0.000038 seconds.
  path: Assets/DownloadedAssets/FPSET1_v1.0/_PNG/SET1_Mainlev_build_29.asset
  artifactKey: Guid(3749f2fc3a665944090777c79d2a8fa2) Importer(815301076,1909f56bfc062723c751e8b465ee728b)
Start importing Assets/DownloadedAssets/FPSET1_v1.0/_PNG/SET1_Mainlev_build_29.asset using Guid(3749f2fc3a665944090777c79d2a8fa2) Importer(815301076,1909f56bfc062723c751e8b465ee728b)  -> (artifact id: '120e5efcc0d7ad32aa2990f36c7b25a0') in 0.129740 seconds 
========================================================================
Received Import Request.
  Time since last request: 0.003680 seconds.
  path: Assets/DownloadedAssets/FPSET1_v1.0/_PNG/SET1_Mainlev_build_38.asset
  artifactKey: Guid(210ba4fa07ca0f345ba42bd099a96895) Importer(815301076,1909f56bfc062723c751e8b465ee728b)
Start importing Assets/DownloadedAssets/FPSET1_v1.0/_PNG/SET1_Mainlev_build_38.asset using Guid(210ba4fa07ca0f345ba42bd099a96895) Importer(815301076,1909f56bfc062723c751e8b465ee728b)  -> (artifact id: 'e318972bb2bd98ef4d908687bd129726') in 0.089376 seconds 
========================================================================
Received Import Request.
  Time since last request: 0.000030 seconds.
  path: Assets/DownloadedAssets/FPSET1_v1.0/_PNG/SET1_Mainlev_build_25.asset
  artifactKey: Guid(31f0d2a352d0eab41b5ca7f253ca6ed6) Importer(815301076,1909f56bfc062723c751e8b465ee728b)
Start importing Assets/DownloadedAssets/FPSET1_v1.0/_PNG/SET1_Mainlev_build_25.asset using Guid(31f0d2a352d0eab41b5ca7f253ca6ed6) Importer(815301076,1909f56bfc062723c751e8b465ee728b)  -> (artifact id: 'fb7cde9d982a256a0f6c6c814a57ed0e') in 0.068664 seconds 
========================================================================
Received Import Request.
  Time since last request: 0.000036 seconds.
  path: Assets/DownloadedAssets/FPSET1_v1.0/_PNG/SET1_Mainlev_build_34.asset
  artifactKey: Guid(7244bc1adba252046b6681e6a3f18b35) Importer(815301076,1909f56bfc062723c751e8b465ee728b)
Start importing Assets/DownloadedAssets/FPSET1_v1.0/_PNG/SET1_Mainlev_build_34.asset using Guid(7244bc1adba252046b6681e6a3f18b35) Importer(815301076,1909f56bfc062723c751e8b465ee728b)  -> (artifact id: '4a848d9fb685ad4623a23ff7df72673e') in 0.067549 seconds 
========================================================================
Received Import Request.
  Time since last request: 0.000042 seconds.
  path: Assets/DownloadedAssets/FPSET1_v1.0/_PNG/SET1_Mainlev_build_27.asset
  artifactKey: Guid(bc6973714c641ea4c9c87925decebb9f) Importer(815301076,1909f56bfc062723c751e8b465ee728b)
Start importing Assets/DownloadedAssets/FPSET1_v1.0/_PNG/SET1_Mainlev_build_27.asset using Guid(bc6973714c641ea4c9c87925decebb9f) Importer(815301076,1909f56bfc062723c751e8b465ee728b)  -> (artifact id: 'd42e3dbe658c35e969ed619ca0d4e3d7') in 0.222108 seconds 
========================================================================
Received Import Request.
  Time since last request: 0.000036 seconds.
  path: Assets/DownloadedAssets/FPSET1_v1.0/_PNG/SET1_Mainlev_build_36.asset
  artifactKey: Guid(9373fb9289ce08e458cb18f77d65ce2f) Importer(815301076,1909f56bfc062723c751e8b465ee728b)
Start importing Assets/DownloadedAssets/FPSET1_v1.0/_PNG/SET1_Mainlev_build_36.asset using Guid(9373fb9289ce08e458cb18f77d65ce2f) Importer(815301076,1909f56bfc062723c751e8b465ee728b)  -> (artifact id: 'ba004d84b31aa1e5ed025a415b0eac04') in 1.491605 seconds 
========================================================================
Received Import Request.
  Time since last request: 0.000037 seconds.
  path: Assets/DownloadedAssets/FPSET1_v1.0/_PNG/SET1_Mainlev_build_31.asset
  artifactKey: Guid(af20f81c1094c2e4d828c3914a9ba89f) Importer(815301076,1909f56bfc062723c751e8b465ee728b)
Start importing Assets/DownloadedAssets/FPSET1_v1.0/_PNG/SET1_Mainlev_build_31.asset using Guid(af20f81c1094c2e4d828c3914a9ba89f) Importer(815301076,1909f56bfc062723c751e8b465ee728b)  -> (artifact id: 'fb5fda4c0740482b267f3101db02f314') in 0.163692 seconds 
========================================================================
Received Import Request.
  Time since last request: 18.300677 seconds.
  path: Assets/DownloadedAssets/FPSET1_v1.0/_PNG/SET1_Mainlev_build_0.asset
  artifactKey: Guid(a4255eefc11d0024093d5c1da9f7a0e6) Importer(815301076,1909f56bfc062723c751e8b465ee728b)
Start importing Assets/DownloadedAssets/FPSET1_v1.0/_PNG/SET1_Mainlev_build_0.asset using Guid(a4255eefc11d0024093d5c1da9f7a0e6) Importer(815301076,1909f56bfc062723c751e8b465ee728b)  -> (artifact id: 'e9a78b3d894cd49a848d8fc78c0274ec') in 0.061676 seconds 
========================================================================
Received Import Request.
  Time since last request: 0.000050 seconds.
  path: Assets/DownloadedAssets/FPSET1_v1.0/_PNG/SET1_Mainlev_build_15.asset
  artifactKey: Guid(748abcdd7538e674aa90bf0464e26b2f) Importer(815301076,1909f56bfc062723c751e8b465ee728b)
Start importing Assets/DownloadedAssets/FPSET1_v1.0/_PNG/SET1_Mainlev_build_15.asset using Guid(748abcdd7538e674aa90bf0464e26b2f) Importer(815301076,1909f56bfc062723c751e8b465ee728b)  -> (artifact id: 'e1046095e95bf2696642005afefe66f4') in 0.071554 seconds 
========================================================================
Received Import Request.
  Time since last request: 0.000068 seconds.
  path: Assets/DownloadedAssets/FPSET1_v1.0/_PNG/SET1_Mainlev_build_5.asset
  artifactKey: Guid(657be2b611e325a46aaa16451fb1811d) Importer(815301076,1909f56bfc062723c751e8b465ee728b)
Start importing Assets/DownloadedAssets/FPSET1_v1.0/_PNG/SET1_Mainlev_build_5.asset using Guid(657be2b611e325a46aaa16451fb1811d) Importer(815301076,1909f56bfc062723c751e8b465ee728b)  -> (artifact id: 'be20be1fa7cc1fecaa50614bc7ca0877') in 0.104379 seconds 
========================================================================
Received Import Request.
  Time since last request: 0.000050 seconds.
  path: Assets/DownloadedAssets/FPSET1_v1.0/_PNG/SET1_Mainlev_build_10.asset
  artifactKey: Guid(1cb177d0d90db764b89be9bb23d83cd6) Importer(815301076,1909f56bfc062723c751e8b465ee728b)
Start importing Assets/DownloadedAssets/FPSET1_v1.0/_PNG/SET1_Mainlev_build_10.asset using Guid(1cb177d0d90db764b89be9bb23d83cd6) Importer(815301076,1909f56bfc062723c751e8b465ee728b)  -> (artifact id: '6e15e1d0f2f3fcf395e55cbcc98371c5') in 0.062650 seconds 
========================================================================
Received Import Request.
  Time since last request: 0.000116 seconds.
  path: Assets/DownloadedAssets/FPSET1_v1.0/_PNG/SET1_Mainlev_build_20.asset
  artifactKey: Guid(7439c63f63e9ffd49919b456fc0e7356) Importer(815301076,1909f56bfc062723c751e8b465ee728b)
Start importing Assets/DownloadedAssets/FPSET1_v1.0/_PNG/SET1_Mainlev_build_20.asset using Guid(7439c63f63e9ffd49919b456fc0e7356) Importer(815301076,1909f56bfc062723c751e8b465ee728b)  -> (artifact id: '9fdb15d2c576b24ecc20c5f4474e11f0') in 0.118654 seconds 
========================================================================
Received Import Request.
  Time since last request: 0.000038 seconds.
  path: Assets/DownloadedAssets/FPSET1_v1.0/_PNG/SET1_Mainlev_build_18.asset
  artifactKey: Guid(121ae0be1489e354483ce4776d3a410d) Importer(815301076,1909f56bfc062723c751e8b465ee728b)
Start importing Assets/DownloadedAssets/FPSET1_v1.0/_PNG/SET1_Mainlev_build_18.asset using Guid(121ae0be1489e354483ce4776d3a410d) Importer(815301076,1909f56bfc062723c751e8b465ee728b)  -> (artifact id: 'ef4a1432f831a12d994d847b901a1fe4') in 0.078824 seconds 
========================================================================
Received Import Request.
  Time since last request: 0.000037 seconds.
  path: Assets/DownloadedAssets/FPSET1_v1.0/_PNG/SET1_Mainlev_build_3.asset
  artifactKey: Guid(1e53fa041954c9341ad989e5f8811caf) Importer(815301076,1909f56bfc062723c751e8b465ee728b)
Start importing Assets/DownloadedAssets/FPSET1_v1.0/_PNG/SET1_Mainlev_build_3.asset using Guid(1e53fa041954c9341ad989e5f8811caf) Importer(815301076,1909f56bfc062723c751e8b465ee728b)  -> (artifact id: '5de93770e156a6619e1ef69dfe1ea32a') in 0.070113 seconds 
========================================================================
Received Import Request.
  Time since last request: 0.000039 seconds.
  path: Assets/DownloadedAssets/FPSET1_v1.0/_PNG/SET1_Mainlev_build_11.asset
  artifactKey: Guid(35f32aabaa3db194ead884febfeeefd6) Importer(815301076,1909f56bfc062723c751e8b465ee728b)
Start importing Assets/DownloadedAssets/FPSET1_v1.0/_PNG/SET1_Mainlev_build_11.asset using Guid(35f32aabaa3db194ead884febfeeefd6) Importer(815301076,1909f56bfc062723c751e8b465ee728b)  -> (artifact id: '25f18a6fd58634bee77a9d06bb48137b') in 0.106814 seconds 
========================================================================
Received Import Request.
  Time since last request: 0.000033 seconds.
  path: Assets/DownloadedAssets/FPSET1_v1.0/_PNG/SET1_Mainlev_build_16.asset
  artifactKey: Guid(47c793aa26e88a94daab76ea9af8e319) Importer(815301076,1909f56bfc062723c751e8b465ee728b)
Start importing Assets/DownloadedAssets/FPSET1_v1.0/_PNG/SET1_Mainlev_build_16.asset using Guid(47c793aa26e88a94daab76ea9af8e319) Importer(815301076,1909f56bfc062723c751e8b465ee728b)  -> (artifact id: 'cf67e138eecc6a36152126d22995d569') in 0.088607 seconds 
========================================================================
Received Import Request.
  Time since last request: 0.000045 seconds.
  path: Assets/DownloadedAssets/FPSET1_v1.0/_PNG/SET1_Mainlev_build_7.asset
  artifactKey: Guid(9a3d3a84627abf449948ed368dfb5bda) Importer(815301076,1909f56bfc062723c751e8b465ee728b)
Start importing Assets/DownloadedAssets/FPSET1_v1.0/_PNG/SET1_Mainlev_build_7.asset using Guid(9a3d3a84627abf449948ed368dfb5bda) Importer(815301076,1909f56bfc062723c751e8b465ee728b)  -> (artifact id: '2b122b35a64d906b7ca67b40ec75c4e7') in 0.054926 seconds 
========================================================================
Received Import Request.
  Time since last request: 0.000144 seconds.
  path: Assets/DownloadedAssets/FPSET1_v1.0/_PNG/SET1_Mainlev_build_9.asset
  artifactKey: Guid(77845cd2c5b83ea4bbfafc473525319a) Importer(815301076,1909f56bfc062723c751e8b465ee728b)
Start importing Assets/DownloadedAssets/FPSET1_v1.0/_PNG/SET1_Mainlev_build_9.asset using Guid(77845cd2c5b83ea4bbfafc473525319a) Importer(815301076,1909f56bfc062723c751e8b465ee728b)  -> (artifact id: '9004eb0712fa65c7cfcb974f8c6edd25') in 0.069135 seconds 
========================================================================
Received Import Request.
  Time since last request: 0.000036 seconds.
  path: Assets/DownloadedAssets/FPSET1_v1.0/_PNG/SET1_Mainlev_build_14.asset
  artifactKey: Guid(de20e8d5a88ea624cb083392d6175c42) Importer(815301076,1909f56bfc062723c751e8b465ee728b)
Start importing Assets/DownloadedAssets/FPSET1_v1.0/_PNG/SET1_Mainlev_build_14.asset using Guid(de20e8d5a88ea624cb083392d6175c42) Importer(815301076,1909f56bfc062723c751e8b465ee728b)  -> (artifact id: '26e1e1f3170ce9cb0afa508bdfecca68') in 0.044593 seconds 
========================================================================
Received Import Request.
  Time since last request: 0.000037 seconds.
  path: Assets/DownloadedAssets/FPSET1_v1.0/_PNG/SET1_Mainlev_build_1.asset
  artifactKey: Guid(a541046c02190bb4eb4259d2b8e37c21) Importer(815301076,1909f56bfc062723c751e8b465ee728b)
Start importing Assets/DownloadedAssets/FPSET1_v1.0/_PNG/SET1_Mainlev_build_1.asset using Guid(a541046c02190bb4eb4259d2b8e37c21) Importer(815301076,1909f56bfc062723c751e8b465ee728b)  -> (artifact id: '0cb010e9f328dee9a1cf158d9e92f4a9') in 0.043726 seconds 
========================================================================
Received Import Request.
  Time since last request: 0.000031 seconds.
  path: Assets/DownloadedAssets/FPSET1_v1.0/_PNG/SET1_Mainlev_build_12.asset
  artifactKey: Guid(f61693b9c543a7a4195c8ee22e05408a) Importer(815301076,1909f56bfc062723c751e8b465ee728b)
Start importing Assets/DownloadedAssets/FPSET1_v1.0/_PNG/SET1_Mainlev_build_12.asset using Guid(f61693b9c543a7a4195c8ee22e05408a) Importer(815301076,1909f56bfc062723c751e8b465ee728b)  -> (artifact id: '05399ca7ebfad20f2aa127d58d2e23a3') in 0.045932 seconds 
========================================================================
Received Import Request.
  Time since last request: 0.000032 seconds.
  path: Assets/DownloadedAssets/FPSET1_v1.0/_PNG/SET1_Mainlev_build_8.asset
  artifactKey: Guid(d55ee657c1de3f94cb8b882f3d1cf858) Importer(815301076,1909f56bfc062723c751e8b465ee728b)
Start importing Assets/DownloadedAssets/FPSET1_v1.0/_PNG/SET1_Mainlev_build_8.asset using Guid(d55ee657c1de3f94cb8b882f3d1cf858) Importer(815301076,1909f56bfc062723c751e8b465ee728b)  -> (artifact id: '8198cb053c6540e104f7205b9b8584ce') in 0.051773 seconds 
========================================================================
Received Import Request.
  Time since last request: 0.000036 seconds.
  path: Assets/DownloadedAssets/FPSET1_v1.0/_PNG/SET1_Mainlev_build_4.asset
  artifactKey: Guid(ab4a9bba3d4d8d448866fa76a7b055f8) Importer(815301076,1909f56bfc062723c751e8b465ee728b)
Start importing Assets/DownloadedAssets/FPSET1_v1.0/_PNG/SET1_Mainlev_build_4.asset using Guid(ab4a9bba3d4d8d448866fa76a7b055f8) Importer(815301076,1909f56bfc062723c751e8b465ee728b)  -> (artifact id: '1765a9e3fa659f95d1e68ab231349ef2') in 0.059928 seconds 
========================================================================
Received Import Request.
  Time since last request: 0.000227 seconds.
  path: Assets/DownloadedAssets/FPSET1_v1.0/_PNG/SET1_Mainlev_build_2.asset
  artifactKey: Guid(7b1f8c1c708f32643827225253249735) Importer(815301076,1909f56bfc062723c751e8b465ee728b)
Start importing Assets/DownloadedAssets/FPSET1_v1.0/_PNG/SET1_Mainlev_build_2.asset using Guid(7b1f8c1c708f32643827225253249735) Importer(815301076,1909f56bfc062723c751e8b465ee728b)  -> (artifact id: '80a4eece0038f676023d96c08c0c6cfd') in 0.062428 seconds 
========================================================================
Received Import Request.
  Time since last request: 0.000035 seconds.
  path: Assets/DownloadedAssets/FPSET1_v1.0/_PNG/SET1_Mainlev_build_19.asset
  artifactKey: Guid(cd591ad4b1446554592285e4d10c2e6f) Importer(815301076,1909f56bfc062723c751e8b465ee728b)
Start importing Assets/DownloadedAssets/FPSET1_v1.0/_PNG/SET1_Mainlev_build_19.asset using Guid(cd591ad4b1446554592285e4d10c2e6f) Importer(815301076,1909f56bfc062723c751e8b465ee728b)  -> (artifact id: '5463b34e2a192739dc25f7670ac41179') in 0.044348 seconds 
========================================================================
Received Import Request.
  Time since last request: 0.000072 seconds.
  path: Assets/DownloadedAssets/FPSET1_v1.0/_PNG/SET1_Mainlev_build_6.asset
  artifactKey: Guid(01e819eeec7c17744b887f9884e12708) Importer(815301076,1909f56bfc062723c751e8b465ee728b)
Start importing Assets/DownloadedAssets/FPSET1_v1.0/_PNG/SET1_Mainlev_build_6.asset using Guid(01e819eeec7c17744b887f9884e12708) Importer(815301076,1909f56bfc062723c751e8b465ee728b)  -> (artifact id: 'c783d49cdd51a149a2bc11afeed6a6e1') in 0.072684 seconds 
========================================================================
Received Import Request.
  Time since last request: 0.000033 seconds.
  path: Assets/DownloadedAssets/FPSET1_v1.0/_PNG/SET1_Mainlev_build_17.asset
  artifactKey: Guid(67e898349b61e6344be2e4a0a00a7a5b) Importer(815301076,1909f56bfc062723c751e8b465ee728b)
Start importing Assets/DownloadedAssets/FPSET1_v1.0/_PNG/SET1_Mainlev_build_17.asset using Guid(67e898349b61e6344be2e4a0a00a7a5b) Importer(815301076,1909f56bfc062723c751e8b465ee728b)  -> (artifact id: '6fbad36988f1baf63449b55c64c15cfd') in 0.077183 seconds 
========================================================================
Received Import Request.
  Time since last request: 0.000029 seconds.
  path: Assets/DownloadedAssets/FPSET1_v1.0/_PNG/SET1_Mainlev_build_13.asset
  artifactKey: Guid(39534aaac68020b4197051981e2ce26f) Importer(815301076,1909f56bfc062723c751e8b465ee728b)
Start importing Assets/DownloadedAssets/FPSET1_v1.0/_PNG/SET1_Mainlev_build_13.asset using Guid(39534aaac68020b4197051981e2ce26f) Importer(815301076,1909f56bfc062723c751e8b465ee728b)  -> (artifact id: '3b75cad2e646f5bd915ed9330e76de8c') in 0.048931 seconds 
